<?xml version="1.0" encoding="UTF-8"?>
<testsuite xmlns:xsi="http://www.w3.org/2001/XMLSchema-instance" xsi:noNamespaceSchemaLocation="https://maven.apache.org/surefire/maven-surefire-plugin/xsd/surefire-test-report.xsd" name="org.example.booking.StreamLambdaHandlerTest" time="3.095" tests="2" errors="0" skipped="0" failures="0">
  <properties>
[...]
</properties>
  <testcase name="ping_streamRequest_respondsWithHello" classname="org.example.booking.StreamLambdaHandlerTest" time="0.072"/>
  <testcase name="invalidResource_streamRequest_responds404" classname="org.example.booking.StreamLambdaHandlerTest" time="0.002"/>
</testsuite>